[debug] [2024-02-03T07:49:53.866Z] ----------------------------------------------------------------------
[debug] [2024-02-03T07:49:53.869Z] Command:       C:\Program Files\nodejs\node.exe C:\Users\natal\AppData\Roaming\npm\node_modules\firebase-tools\lib\bin\firebase.js deploy
[debug] [2024-02-03T07:49:53.869Z] CLI Version:   13.1.0
[debug] [2024-02-03T07:49:53.870Z] Platform:      win32
[debug] [2024-02-03T07:49:53.870Z] Node Version:  v18.16.0
[debug] [2024-02-03T07:49:53.872Z] Time:          Sat Feb 03 2024 04:49:53 GMT-0300 (Horário Padrão de Brasília)
[debug] [2024-02-03T07:49:53.872Z] ----------------------------------------------------------------------
[debug] 
[debug] [2024-02-03T07:49:53.990Z] > command requires scopes: ["email","openid","https://www.googleapis.com/auth/cloudplatformprojects.readonly","https://www.googleapis.com/auth/firebase","https://www.googleapis.com/auth/cloud-platform"]
[debug] [2024-02-03T07:49:53.991Z] > authorizing via signed-in user (nataliaanog@gmail.com)
[debug] [2024-02-03T07:49:53.991Z] [iam] checking project vanessaalbuquerquevisagismo for permissions ["firebase.projects.get","firebasehosting.sites.update"]
[debug] [2024-02-03T07:49:53.994Z] > refreshing access token with scopes: []
[debug] [2024-02-03T07:49:53.997Z] >>> [apiv2][query] POST https://www.googleapis.com/oauth2/v3/token [none]
[debug] [2024-02-03T07:49:53.997Z] >>> [apiv2][body] POST https://www.googleapis.com/oauth2/v3/token [omitted]
[debug] [2024-02-03T07:49:54.583Z] <<< [apiv2][status] POST https://www.googleapis.com/oauth2/v3/token 200
[debug] [2024-02-03T07:49:54.584Z] <<< [apiv2][body] POST https://www.googleapis.com/oauth2/v3/token [omitted]
[debug] [2024-02-03T07:49:54.601Z] >>> [apiv2][query] POST https://cloudresourcemanager.googleapis.com/v1/projects/vanessaalbuquerquevisagismo:testIamPermissions [none]
[debug] [2024-02-03T07:49:54.601Z] >>> [apiv2][(partial)header] POST https://cloudresourcemanager.googleapis.com/v1/projects/vanessaalbuquerquevisagismo:testIamPermissions x-goog-quota-user=projects/vanessaalbuquerquevisagismo
[debug] [2024-02-03T07:49:54.601Z] >>> [apiv2][body] POST https://cloudresourcemanager.googleapis.com/v1/projects/vanessaalbuquerquevisagismo:testIamPermissions {"permissions":["firebase.projects.get","firebasehosting.sites.update"]}
[debug] [2024-02-03T07:49:55.911Z] <<< [apiv2][status] POST https://cloudresourcemanager.googleapis.com/v1/projects/vanessaalbuquerquevisagismo:testIamPermissions 200
[debug] [2024-02-03T07:49:55.912Z] <<< [apiv2][body] POST https://cloudresourcemanager.googleapis.com/v1/projects/vanessaalbuquerquevisagismo:testIamPermissions {"permissions":["firebase.projects.get","firebasehosting.sites.update"]}
[debug] [2024-02-03T07:49:55.913Z] >>> [apiv2][query] GET https://firebase.googleapis.com/v1beta1/projects/vanessaalbuquerquevisagismo [none]
[debug] [2024-02-03T07:49:56.683Z] <<< [apiv2][status] GET https://firebase.googleapis.com/v1beta1/projects/vanessaalbuquerquevisagismo 200
[debug] [2024-02-03T07:49:56.683Z] <<< [apiv2][body] GET https://firebase.googleapis.com/v1beta1/projects/vanessaalbuquerquevisagismo {"projectId":"vanessaalbuquerquevisagismo","projectNumber":"618551315730","displayName":"VanessaAlbuquerqueVisagismo","name":"projects/vanessaalbuquerquevisagismo","resources":{"hostingSite":"vanessaalbuquerquevisagismo","storageBucket":"vanessaalbuquerquevisagismo.appspot.com","locationId":"us-central"},"state":"ACTIVE","etag":"1_87136385-7f94-46a0-a4d6-c90b2fedfce3"}
[info] 
[info] === Deploying to 'vanessaalbuquerquevisagismo'...
[info] 
[info] i  deploying hosting 
[debug] [2024-02-03T07:49:56.695Z] >>> [apiv2][query] POST https://firebasehosting.googleapis.com/v1beta1/projects/-/sites/vanessaalbuquerquevisagismo/versions [none]
[debug] [2024-02-03T07:49:56.695Z] >>> [apiv2][body] POST https://firebasehosting.googleapis.com/v1beta1/projects/-/sites/vanessaalbuquerquevisagismo/versions {"status":"CREATED","labels":{"deployment-tool":"cli-firebase"}}
[debug] [2024-02-03T07:49:58.319Z] <<< [apiv2][status] POST https://firebasehosting.googleapis.com/v1beta1/projects/-/sites/vanessaalbuquerquevisagismo/versions 200
[debug] [2024-02-03T07:49:58.319Z] <<< [apiv2][body] POST https://firebasehosting.googleapis.com/v1beta1/projects/-/sites/vanessaalbuquerquevisagismo/versions {"name":"projects/618551315730/sites/vanessaalbuquerquevisagismo/versions/3f1f7e0f004c60b2","status":"CREATED","config":{},"labels":{"deployment-tool":"cli-firebase"}}
[info] i  hosting[vanessaalbuquerquevisagismo]: beginning deploy... 
[info] i  hosting[vanessaalbuquerquevisagismo]: found 15 files in build 
[debug] [2024-02-03T07:49:58.344Z] [hosting] uploading with 200 concurrency
[debug] [2024-02-03T07:49:59.175Z] [hosting] hash cache [YnVpbGQ] stored for 15 files
[debug] [2024-02-03T07:49:59.176Z] [hosting][hash queue][FINAL] {"max":814,"min":5,"avg":80.13333333333334,"active":0,"complete":15,"success":15,"errored":0,"retried":0,"total":15,"elapsed":826}
[debug] [2024-02-03T07:49:59.177Z] >>> [apiv2][query] POST https://firebasehosting.googleapis.com/v1beta1/projects/618551315730/sites/vanessaalbuquerquevisagismo/versions/3f1f7e0f004c60b2:populateFiles [none]
[debug] [2024-02-03T07:49:59.177Z] >>> [apiv2][body] POST https://firebasehosting.googleapis.com/v1beta1/projects/618551315730/sites/vanessaalbuquerquevisagismo/versions/3f1f7e0f004c60b2:populateFiles {"files":{"/favicon.ico":"822f1978b5b4de12f7b51b40a0386bb14066b5a799fef903e8939a2d52a535b5","/logo.png":"919ee17d642a59e7db582aabf7becada1bf568067ff6d5b9106095a44201585b","/robots.txt":"bfe106a3fb878dc83461c86818bf74fc1bdc7f28538ba613cd3e775516ce8b49","/site.webmanifest":"378695d4af8bdaf357a5e2404faa02cc43fde62b92e2cb35f19e143dea1a1816","/asset-manifest.json":"d90851208fb766938e89b8df40cb96ab4bc0057fda649e7844bc566d901d56b5","/index.html":"f1285f359b70d71f3243f41ee5feafbe2314702ef0c77ff56671dbb35b370366","/static/css/main.ed91e42f.css":"ce37b8be5460640fab4fd036ab1fb9548c51c239e2bf385304dc5c2816103df4","/static/js/787.65926021.chunk.js":"8017ca9ff4b06212c69e264ed7aaab4f2b74d00b1bad129a04476292cde2a5f1","/static/js/787.65926021.chunk.js.map":"4aba8bb5660fe0b1002a29f4474593d8bae8b554e63c64de08e9b5bb8669424f","/static/css/main.ed91e42f.css.map":"314288ccc7d38437461aea225c7e3b977fe8b56cba47ead149c82361006364ea","/static/js/main.d9f19ec9.js.LICENSE.txt":"3f8f81c113ca69a09419c7bd29046d1bd1524dc13a9a69a5fc3766e123b3aa56","/static/media/logot.b51a0d191d5d78564fcc.png":"2948c522698ca918c332fa4f3cc30d52656276af310842aa897798e41b9ee553","/static/media/logo.5b282ab97a3343177477.png":"919ee17d642a59e7db582aabf7becada1bf568067ff6d5b9106095a44201585b","/static/js/main.d9f19ec9.js":"0506746ac2d7fd457f4cd8f8cfc497394b2cef427d641054e189ae60a3a914b4","/static/js/main.d9f19ec9.js.map":"014c094a10766f7417f4bfc559d2c6e9a896619f2d7433cfe82b71d46af94341"}}
[debug] [2024-02-03T07:50:00.328Z] <<< [apiv2][status] POST https://firebasehosting.googleapis.com/v1beta1/projects/618551315730/sites/vanessaalbuquerquevisagismo/versions/3f1f7e0f004c60b2:populateFiles 200
[debug] [2024-02-03T07:50:00.328Z] <<< [apiv2][body] POST https://firebasehosting.googleapis.com/v1beta1/projects/618551315730/sites/vanessaalbuquerquevisagismo/versions/3f1f7e0f004c60b2:populateFiles {"uploadRequiredHashes":["f1285f359b70d71f3243f41ee5feafbe2314702ef0c77ff56671dbb35b370366","0506746ac2d7fd457f4cd8f8cfc497394b2cef427d641054e189ae60a3a914b4","314288ccc7d38437461aea225c7e3b977fe8b56cba47ead149c82361006364ea","ce37b8be5460640fab4fd036ab1fb9548c51c239e2bf385304dc5c2816103df4","014c094a10766f7417f4bfc559d2c6e9a896619f2d7433cfe82b71d46af94341","d90851208fb766938e89b8df40cb96ab4bc0057fda649e7844bc566d901d56b5"],"uploadUrl":"https://upload-firebasehosting.googleapis.com/upload/sites/vanessaalbuquerquevisagismo/versions/3f1f7e0f004c60b2/files"}
[debug] [2024-02-03T07:50:00.330Z] >>> [apiv2][query] POST https://upload-firebasehosting.googleapis.com/upload/sites/vanessaalbuquerquevisagismo/versions/3f1f7e0f004c60b2/files/f1285f359b70d71f3243f41ee5feafbe2314702ef0c77ff56671dbb35b370366 [none]
[debug] [2024-02-03T07:50:00.330Z] >>> [apiv2][body] POST https://upload-firebasehosting.googleapis.com/upload/sites/vanessaalbuquerquevisagismo/versions/3f1f7e0f004c60b2/files/f1285f359b70d71f3243f41ee5feafbe2314702ef0c77ff56671dbb35b370366 [stream]
[debug] [2024-02-03T07:50:00.332Z] >>> [apiv2][query] POST https://upload-firebasehosting.googleapis.com/upload/sites/vanessaalbuquerquevisagismo/versions/3f1f7e0f004c60b2/files/0506746ac2d7fd457f4cd8f8cfc497394b2cef427d641054e189ae60a3a914b4 [none]
[debug] [2024-02-03T07:50:00.333Z] >>> [apiv2][body] POST https://upload-firebasehosting.googleapis.com/upload/sites/vanessaalbuquerquevisagismo/versions/3f1f7e0f004c60b2/files/0506746ac2d7fd457f4cd8f8cfc497394b2cef427d641054e189ae60a3a914b4 [stream]
[debug] [2024-02-03T07:50:00.335Z] >>> [apiv2][query] POST https://upload-firebasehosting.googleapis.com/upload/sites/vanessaalbuquerquevisagismo/versions/3f1f7e0f004c60b2/files/314288ccc7d38437461aea225c7e3b977fe8b56cba47ead149c82361006364ea [none]
[debug] [2024-02-03T07:50:00.335Z] >>> [apiv2][body] POST https://upload-firebasehosting.googleapis.com/upload/sites/vanessaalbuquerquevisagismo/versions/3f1f7e0f004c60b2/files/314288ccc7d38437461aea225c7e3b977fe8b56cba47ead149c82361006364ea [stream]
[debug] [2024-02-03T07:50:00.338Z] >>> [apiv2][query] POST https://upload-firebasehosting.googleapis.com/upload/sites/vanessaalbuquerquevisagismo/versions/3f1f7e0f004c60b2/files/ce37b8be5460640fab4fd036ab1fb9548c51c239e2bf385304dc5c2816103df4 [none]
[debug] [2024-02-03T07:50:00.338Z] >>> [apiv2][body] POST https://upload-firebasehosting.googleapis.com/upload/sites/vanessaalbuquerquevisagismo/versions/3f1f7e0f004c60b2/files/ce37b8be5460640fab4fd036ab1fb9548c51c239e2bf385304dc5c2816103df4 [stream]
[debug] [2024-02-03T07:50:00.340Z] >>> [apiv2][query] POST https://upload-firebasehosting.googleapis.com/upload/sites/vanessaalbuquerquevisagismo/versions/3f1f7e0f004c60b2/files/014c094a10766f7417f4bfc559d2c6e9a896619f2d7433cfe82b71d46af94341 [none]
[debug] [2024-02-03T07:50:00.340Z] >>> [apiv2][body] POST https://upload-firebasehosting.googleapis.com/upload/sites/vanessaalbuquerquevisagismo/versions/3f1f7e0f004c60b2/files/014c094a10766f7417f4bfc559d2c6e9a896619f2d7433cfe82b71d46af94341 [stream]
[debug] [2024-02-03T07:50:00.342Z] >>> [apiv2][query] POST https://upload-firebasehosting.googleapis.com/upload/sites/vanessaalbuquerquevisagismo/versions/3f1f7e0f004c60b2/files/d90851208fb766938e89b8df40cb96ab4bc0057fda649e7844bc566d901d56b5 [none]
[debug] [2024-02-03T07:50:00.342Z] >>> [apiv2][body] POST https://upload-firebasehosting.googleapis.com/upload/sites/vanessaalbuquerquevisagismo/versions/3f1f7e0f004c60b2/files/d90851208fb766938e89b8df40cb96ab4bc0057fda649e7844bc566d901d56b5 [stream]
[debug] [2024-02-03T07:50:00.344Z] [hosting][populate queue][FINAL] {"max":1159,"min":1159,"avg":1159,"active":0,"complete":1,"success":1,"errored":0,"retried":0,"total":1,"elapsed":1173}
[debug] [2024-02-03T07:50:00.344Z] [hosting] uploads queued: 6
[debug] [2024-02-03T07:50:02.892Z] <<< [apiv2][status] POST https://upload-firebasehosting.googleapis.com/upload/sites/vanessaalbuquerquevisagismo/versions/3f1f7e0f004c60b2/files/ce37b8be5460640fab4fd036ab1fb9548c51c239e2bf385304dc5c2816103df4 200
[debug] [2024-02-03T07:50:02.893Z] <<< [apiv2][body] POST https://upload-firebasehosting.googleapis.com/upload/sites/vanessaalbuquerquevisagismo/versions/3f1f7e0f004c60b2/files/ce37b8be5460640fab4fd036ab1fb9548c51c239e2bf385304dc5c2816103df4 [stream]
[debug] [2024-02-03T07:50:02.998Z] <<< [apiv2][status] POST https://upload-firebasehosting.googleapis.com/upload/sites/vanessaalbuquerquevisagismo/versions/3f1f7e0f004c60b2/files/314288ccc7d38437461aea225c7e3b977fe8b56cba47ead149c82361006364ea 200
[debug] [2024-02-03T07:50:02.999Z] <<< [apiv2][body] POST https://upload-firebasehosting.googleapis.com/upload/sites/vanessaalbuquerquevisagismo/versions/3f1f7e0f004c60b2/files/314288ccc7d38437461aea225c7e3b977fe8b56cba47ead149c82361006364ea [stream]
[debug] [2024-02-03T07:50:03.002Z] <<< [apiv2][status] POST https://upload-firebasehosting.googleapis.com/upload/sites/vanessaalbuquerquevisagismo/versions/3f1f7e0f004c60b2/files/f1285f359b70d71f3243f41ee5feafbe2314702ef0c77ff56671dbb35b370366 200
[debug] [2024-02-03T07:50:03.002Z] <<< [apiv2][body] POST https://upload-firebasehosting.googleapis.com/upload/sites/vanessaalbuquerquevisagismo/versions/3f1f7e0f004c60b2/files/f1285f359b70d71f3243f41ee5feafbe2314702ef0c77ff56671dbb35b370366 [stream]
[debug] [2024-02-03T07:50:03.427Z] <<< [apiv2][status] POST https://upload-firebasehosting.googleapis.com/upload/sites/vanessaalbuquerquevisagismo/versions/3f1f7e0f004c60b2/files/d90851208fb766938e89b8df40cb96ab4bc0057fda649e7844bc566d901d56b5 200
[debug] [2024-02-03T07:50:03.427Z] <<< [apiv2][body] POST https://upload-firebasehosting.googleapis.com/upload/sites/vanessaalbuquerquevisagismo/versions/3f1f7e0f004c60b2/files/d90851208fb766938e89b8df40cb96ab4bc0057fda649e7844bc566d901d56b5 [stream]
[debug] [2024-02-03T07:50:04.855Z] <<< [apiv2][status] POST https://upload-firebasehosting.googleapis.com/upload/sites/vanessaalbuquerquevisagismo/versions/3f1f7e0f004c60b2/files/0506746ac2d7fd457f4cd8f8cfc497394b2cef427d641054e189ae60a3a914b4 200
[debug] [2024-02-03T07:50:04.855Z] <<< [apiv2][body] POST https://upload-firebasehosting.googleapis.com/upload/sites/vanessaalbuquerquevisagismo/versions/3f1f7e0f004c60b2/files/0506746ac2d7fd457f4cd8f8cfc497394b2cef427d641054e189ae60a3a914b4 [stream]
[debug] [2024-02-03T07:50:15.694Z] <<< [apiv2][status] POST https://upload-firebasehosting.googleapis.com/upload/sites/vanessaalbuquerquevisagismo/versions/3f1f7e0f004c60b2/files/014c094a10766f7417f4bfc559d2c6e9a896619f2d7433cfe82b71d46af94341 200
[debug] [2024-02-03T07:50:15.695Z] <<< [apiv2][body] POST https://upload-firebasehosting.googleapis.com/upload/sites/vanessaalbuquerquevisagismo/versions/3f1f7e0f004c60b2/files/014c094a10766f7417f4bfc559d2c6e9a896619f2d7433cfe82b71d46af94341 [stream]
[debug] [2024-02-03T07:50:15.695Z] [hosting][upload queue][FINAL] {"max":15365,"min":2563,"avg":5149.166666666667,"active":0,"complete":6,"success":6,"errored":0,"retried":0,"total":6,"elapsed":15367}
[info] +  hosting[vanessaalbuquerquevisagismo]: file upload complete 
[debug] [2024-02-03T07:50:15.698Z] [hosting] deploy completed after 17376ms
[debug] [2024-02-03T07:50:15.698Z] [
  {
    "config": {
      "public": "build",
      "ignore": [
        "firebase.json",
        "**/.*",
        "**/node_modules/**"
      ],
      "rewrites": [
        {
          "source": "**",
          "destination": "/index.html"
        }
      ],
      "site": "vanessaalbuquerquevisagismo"
    },
    "version": "projects/618551315730/sites/vanessaalbuquerquevisagismo/versions/3f1f7e0f004c60b2"
  }
]
[info] i  hosting[vanessaalbuquerquevisagismo]: finalizing version... 
[debug] [2024-02-03T07:50:15.703Z] >>> [apiv2][query] PATCH https://firebasehosting.googleapis.com/v1beta1/projects/-/sites/vanessaalbuquerquevisagismo/versions/3f1f7e0f004c60b2 updateMask=status%2Cconfig
[debug] [2024-02-03T07:50:15.703Z] >>> [apiv2][body] PATCH https://firebasehosting.googleapis.com/v1beta1/projects/-/sites/vanessaalbuquerquevisagismo/versions/3f1f7e0f004c60b2 {"status":"FINALIZED","config":{"rewrites":[{"glob":"**","path":"/index.html"}]}}
[debug] [2024-02-03T07:50:17.019Z] <<< [apiv2][status] PATCH https://firebasehosting.googleapis.com/v1beta1/projects/-/sites/vanessaalbuquerquevisagismo/versions/3f1f7e0f004c60b2 200
[debug] [2024-02-03T07:50:17.019Z] <<< [apiv2][body] PATCH https://firebasehosting.googleapis.com/v1beta1/projects/-/sites/vanessaalbuquerquevisagismo/versions/3f1f7e0f004c60b2 {"name":"projects/618551315730/sites/vanessaalbuquerquevisagismo/versions/3f1f7e0f004c60b2","status":"FINALIZED","config":{"rewrites":[{"glob":"**","path":"/index.html"}]},"labels":{"deployment-tool":"cli-firebase"},"createTime":"2024-02-03T07:49:57.203190Z","createUser":{"email":"nataliaanog@gmail.com"},"finalizeTime":"2024-02-03T07:50:16.138473Z","finalizeUser":{"email":"nataliaanog@gmail.com"}}
[debug] [2024-02-03T07:50:17.019Z] [hosting] finalized version for vanessaalbuquerquevisagismo:[object Object]
[info] +  hosting[vanessaalbuquerquevisagismo]: version finalized 
[info] i  hosting[vanessaalbuquerquevisagismo]: releasing new version... 
[debug] [2024-02-03T07:50:17.021Z] >>> [apiv2][query] POST https://firebasehosting.googleapis.com/v1beta1/projects/-/sites/vanessaalbuquerquevisagismo/channels/live/releases versionName=projects%2F618551315730%2Fsites%2Fvanessaalbuquerquevisagismo%2Fversions%2F3f1f7e0f004c60b2
[debug] [2024-02-03T07:50:17.022Z] >>> [apiv2][body] POST https://firebasehosting.googleapis.com/v1beta1/projects/-/sites/vanessaalbuquerquevisagismo/channels/live/releases {}
[debug] [2024-02-03T07:50:18.560Z] <<< [apiv2][status] POST https://firebasehosting.googleapis.com/v1beta1/projects/-/sites/vanessaalbuquerquevisagismo/channels/live/releases 200
[debug] [2024-02-03T07:50:18.560Z] <<< [apiv2][body] POST https://firebasehosting.googleapis.com/v1beta1/projects/-/sites/vanessaalbuquerquevisagismo/channels/live/releases {"name":"projects/618551315730/sites/vanessaalbuquerquevisagismo/channels/live/releases/1706946616929000","version":{"name":"projects/618551315730/sites/vanessaalbuquerquevisagismo/versions/3f1f7e0f004c60b2","status":"FINALIZED","config":{"rewrites":[{"glob":"**","path":"/index.html"}]},"labels":{"deployment-tool":"cli-firebase"},"createTime":"2024-02-03T07:49:57.203190Z","createUser":{"email":"nataliaanog@gmail.com","imageUrl":"https://lh3.googleusercontent.com/a/ACg8ocJYqa4WhelIGWQQaMCeRsg9EJrhHGUhgpXz1YU7Kx4EGA"},"finalizeTime":"2024-02-03T07:50:16.138473Z","finalizeUser":{"email":"nataliaanog@gmail.com","imageUrl":"https://lh3.googleusercontent.com/a/ACg8ocJYqa4WhelIGWQQaMCeRsg9EJrhHGUhgpXz1YU7Kx4EGA"}},"type":"DEPLOY","releaseTime":"2024-02-03T07:50:16.929Z","releaseUser":{"email":"nataliaanog@gmail.com","imageUrl":"https://lh3.googleusercontent.com/a/ACg8ocJYqa4WhelIGWQQaMCeRsg9EJrhHGUhgpXz1YU7Kx4EGA"}}
[debug] [2024-02-03T07:50:18.560Z] [hosting] release: {"name":"projects/618551315730/sites/vanessaalbuquerquevisagismo/channels/live/releases/1706946616929000","version":{"name":"projects/618551315730/sites/vanessaalbuquerquevisagismo/versions/3f1f7e0f004c60b2","status":"FINALIZED","config":{"rewrites":[{"glob":"**","path":"/index.html"}]},"labels":{"deployment-tool":"cli-firebase"},"createTime":"2024-02-03T07:49:57.203190Z","createUser":{"email":"nataliaanog@gmail.com","imageUrl":"https://lh3.googleusercontent.com/a/ACg8ocJYqa4WhelIGWQQaMCeRsg9EJrhHGUhgpXz1YU7Kx4EGA"},"finalizeTime":"2024-02-03T07:50:16.138473Z","finalizeUser":{"email":"nataliaanog@gmail.com","imageUrl":"https://lh3.googleusercontent.com/a/ACg8ocJYqa4WhelIGWQQaMCeRsg9EJrhHGUhgpXz1YU7Kx4EGA"}},"type":"DEPLOY","releaseTime":"2024-02-03T07:50:16.929Z","releaseUser":{"email":"nataliaanog@gmail.com","imageUrl":"https://lh3.googleusercontent.com/a/ACg8ocJYqa4WhelIGWQQaMCeRsg9EJrhHGUhgpXz1YU7Kx4EGA"}}
[info] +  hosting[vanessaalbuquerquevisagismo]: release complete 
[info] 
[info] +  Deploy complete! 
[info] 
[info] Project Console: https://console.firebase.google.com/project/vanessaalbuquerquevisagismo/overview
[info] Hosting URL: https://vanessaalbuquerquevisagismo.web.app
[debug] [2024-02-03T07:50:24.390Z] Error: Timed out.
    at Timeout._onTimeout (C:\Users\natal\AppData\Roaming\npm\node_modules\firebase-tools\lib\utils.js:258:49)
    at listOnTimeout (node:internal/timers:569:17)
    at process.processTimers (node:internal/timers:512:7)
[error] 
[error] Error: An unexpected error has occurred.
